[2025-05-03 14:09:46] Программа запущена
[2025-05-03 14:09:46] Начало загрузки словаря
[2025-05-03 14:09:46] Словарь english_dict.txt успешно загружен, слов: 17
[2025-05-03 14:09:46] Начало загрузки словаря
[2025-05-03 14:09:46] Словарь russian_dict.txt успешно загружен, слов: 17
[2025-05-03 14:09:46] Устройство ввода успешно открыто
[2025-05-03 14:09:46] Инициализация виртуального устройства ввода
[2025-05-03 14:09:47] Виртуальное устройство ввода успешно создано
[2025-05-03 14:09:47] Начало прослушивания ввода
[2025-05-03 14:09:49] Нажата клавиша с кодом 56
[2025-05-03 14:09:49] Нажата небуквенная клавиша, обработка слова
[2025-05-03 14:09:49] Обработка слова: пустое слово, пропуск
[2025-05-03 14:09:49] Нажата клавиша с кодом 15
[2025-05-03 14:09:49] Нажата небуквенная клавиша, обработка слова
[2025-05-03 14:09:49] Обработка слова: пустое слово, пропуск
[2025-05-03 14:09:50] Нажата клавиша с кодом 56
[2025-05-03 14:09:50] Нажата небуквенная клавиша, обработка слова
[2025-05-03 14:09:50] Обработка слова: пустое слово, пропуск
[2025-05-03 14:09:50] Нажата клавиша с кодом 15
[2025-05-03 14:09:50] Нажата небуквенная клавиша, обработка слова
[2025-05-03 14:09:50] Обработка слова: пустое слово, пропуск
[2025-05-03 14:09:52] Нажата клавиша с кодом 56
[2025-05-03 14:09:52] Нажата небуквенная клавиша, обработка слова
[2025-05-03 14:09:52] Обработка слова: пустое слово, пропуск
[2025-05-03 14:09:52] Нажата клавиша с кодом 15
[2025-05-03 14:09:52] Нажата небуквенная клавиша, обработка слова
[2025-05-03 14:09:52] Обработка слова: пустое слово, пропуск
[2025-05-03 14:10:00] Нажата клавиша с кодом 56
[2025-05-03 14:10:00] Нажата небуквенная клавиша, обработка слова
[2025-05-03 14:10:00] Обработка слова: пустое слово, пропуск
[2025-05-03 14:10:00] Нажата клавиша с кодом 15
[2025-05-03 14:10:00] Нажата небуквенная клавиша, обработка слова
[2025-05-03 14:10:00] Обработка слова: пустое слово, пропуск
[2025-05-03 14:10:00] Нажата клавиша с кодом 31
[2025-05-03 14:10:00] Добавлен символ в слово
[2025-05-03 14:10:01] Нажата клавиша с кодом 33
[2025-05-03 14:10:01] Добавлен символ в слово
[2025-05-03 14:10:01] Нажата клавиша с кодом 14
[2025-05-03 14:10:01] Нажата небуквенная клавиша, обработка слова
[2025-05-03 14:10:01] Начало обработки слова
[2025-05-03 14:10:01] Сформировано английское слово: [2025-05-03 14:10:01] Сформировано русское слово: [2025-05-03 14:10:01] Слово не найдено в словаре: [2025-05-03 14:10:01] Слово не найдено в словаре: [2025-05-03 14:10:01] Слово не найдено ни в одном словаре, оставляем без изменений
[2025-05-03 14:10:01] Нажата клавиша с кодом 14
[2025-05-03 14:10:01] Нажата небуквенная клавиша, обработка слова
[2025-05-03 14:10:01] Обработка слова: пустое слово, пропуск
[2025-05-03 14:10:02] Нажата клавиша с кодом 56
[2025-05-03 14:10:02] Нажата небуквенная клавиша, обработка слова
[2025-05-03 14:10:02] Обработка слова: пустое слово, пропуск
[2025-05-03 14:10:02] Нажата клавиша с кодом 42
[2025-05-03 14:10:02] Добавлен символ в слово
[2025-05-03 14:10:02] Нажата клавиша с кодом 34
[2025-05-03 14:10:02] Добавлен символ в слово
[2025-05-03 14:10:02] Нажата клавиша с кодом 35
[2025-05-03 14:10:02] Добавлен символ в слово
[2025-05-03 14:10:02] Нажата клавиша с кодом 48
[2025-05-03 14:10:02] Нажата небуквенная клавиша, обработка слова
[2025-05-03 14:10:02] Начало обработки слова
[2025-05-03 14:10:02] Сформировано английское слово: [2025-05-03 14:10:02] Сформировано русское слово: [2025-05-03 14:10:02] Слово не найдено в словаре: [2025-05-03 14:10:02] Слово не найдено в словаре: [2025-05-03 14:10:02] Слово не найдено ни в одном словаре, оставляем без изменений
[2025-05-03 14:10:02] Нажата клавиша с кодом 32
[2025-05-03 14:10:02] Добавлен символ в слово
[2025-05-03 14:10:03] Нажата клавиша с кодом 20
[2025-05-03 14:10:03] Добавлен символ в слово
[2025-05-03 14:10:03] Нажата клавиша с кодом 49
[2025-05-03 14:10:03] Нажата небуквенная клавиша, обработка слова
[2025-05-03 14:10:03] Начало обработки слова
[2025-05-03 14:10:03] Сформировано английское слово: [2025-05-03 14:10:03] Сформировано русское слово: [2025-05-03 14:10:03] Слово не найдено в словаре: [2025-05-03 14:10:03] Слово не найдено в словаре: [2025-05-03 14:10:03] Слово не найдено ни в одном словаре, оставляем без изменений
[2025-05-03 14:10:03] Нажата клавиша с кодом 57
[2025-05-03 14:10:03] Пробел нажат, обработка слова
[2025-05-03 14:10:03] Обработка слова: пустое слово, пропуск
[2025-05-03 14:10:03] Отправка клавиши с кодом 57
[2025-05-03 14:10:05] Нажата клавиша с кодом 54
[2025-05-03 14:10:05] Нажата небуквенная клавиша, обработка слова
[2025-05-03 14:10:05] Обработка слова: пустое слово, пропуск
[2025-05-03 14:10:06] Нажата клавиша с кодом 29
[2025-05-03 14:10:06] Нажата небуквенная клавиша, обработка слова
[2025-05-03 14:10:06] Обработка слова: пустое слово, пропуск
[2025-05-03 14:10:06] Нажата клавиша с кодом 1
[2025-05-03 14:10:06] ESC нажат, завершение программы
[2025-05-03 14:10:06] Начало очистки ресурсов
[2025-05-03 14:10:06] Освобождение памяти словаря
[2025-05-03 14:10:06] Освобождение памяти словаря
[2025-05-03 14:10:06] Программа завершена
[2025-05-03 14:11:27] Программа запущена
[2025-05-03 14:11:27] Начало загрузки словаря
[2025-05-03 14:11:27] Словарь english_dict.txt успешно загружен, слов: 17
[2025-05-03 14:11:27] Начало загрузки словаря
[2025-05-03 14:11:27] Словарь russian_dict.txt успешно загружен, слов: 17
[2025-05-03 14:11:27] Устройство ввода успешно открыто
[2025-05-03 14:11:27] Инициализация виртуального устройства ввода
[2025-05-03 14:11:28] Виртуальное устройство ввода успешно создано
[2025-05-03 14:11:28] Начало прослушивания ввода
[2025-05-03 14:11:30] Нажата клавиша с кодом 34
[2025-05-03 14:11:30] Добавлен символ в слово
[2025-05-03 14:11:30] Нажата клавиша с кодом 35
[2025-05-03 14:11:30] Добавлен символ в слово
[2025-05-03 14:11:31] Нажата клавиша с кодом 48
[2025-05-03 14:11:31] Нажата небуквенная клавиша, обработка слова
[2025-05-03 14:11:31] Начало обработки слова
[2025-05-03 14:11:31] Сформировано английское слово: [2025-05-03 14:11:31] Сформировано русское слово: [2025-05-03 14:11:31] Слово не найдено в словаре: [2025-05-03 14:11:31] Слово не найдено в словаре: [2025-05-03 14:11:31] Слово не найдено ни в одном словаре, оставляем без изменений
[2025-05-03 14:11:31] Нажата клавиша с кодом 32
[2025-05-03 14:11:31] Добавлен символ в слово
[2025-05-03 14:11:31] Нажата клавиша с кодом 20
[2025-05-03 14:11:31] Добавлен символ в слово
[2025-05-03 14:11:31] Нажата клавиша с кодом 49
[2025-05-03 14:11:31] Нажата небуквенная клавиша, обработка слова
[2025-05-03 14:11:31] Начало обработки слова
[2025-05-03 14:11:31] Сформировано английское слово: [2025-05-03 14:11:31] Сформировано русское слово: [2025-05-03 14:11:31] Слово не найдено в словаре: [2025-05-03 14:11:31] Слово не найдено в словаре: [2025-05-03 14:11:31] Слово не найдено ни в одном словаре, оставляем без изменений
[2025-05-03 14:11:32] Нажата клавиша с кодом 28
[2025-05-03 14:11:32] Нажата небуквенная клавиша, обработка слова
[2025-05-03 14:11:32] Обработка слова: пустое слово, пропуск
[2025-05-03 14:11:32] Нажата клавиша с кодом 56
[2025-05-03 14:11:32] Нажата небуквенная клавиша, обработка слова
[2025-05-03 14:11:32] Обработка слова: пустое слово, пропуск
[2025-05-03 14:11:32] Нажата клавиша с кодом 42
[2025-05-03 14:11:32] Добавлен символ в слово
[2025-05-03 14:11:33] Нажата клавиша с кодом 34
[2025-05-03 14:11:33] Добавлен символ в слово
[2025-05-03 14:11:33] Нажата клавиша с кодом 35
[2025-05-03 14:11:33] Добавлен символ в слово
[2025-05-03 14:11:33] Нажата клавиша с кодом 48
[2025-05-03 14:11:33] Нажата небуквенная клавиша, обработка слова
[2025-05-03 14:11:33] Начало обработки слова
[2025-05-03 14:11:33] Сформировано английское слово: [2025-05-03 14:11:33] Сформировано русское слово: [2025-05-03 14:11:33] Слово не найдено в словаре: [2025-05-03 14:11:33] Слово не найдено в словаре: [2025-05-03 14:11:33] Слово не найдено ни в одном словаре, оставляем без изменений
[2025-05-03 14:11:33] Нажата клавиша с кодом 32
[2025-05-03 14:11:33] Добавлен символ в слово
[2025-05-03 14:11:33] Нажата клавиша с кодом 20
[2025-05-03 14:11:33] Добавлен символ в слово
[2025-05-03 14:11:34] Нажата клавиша с кодом 49
[2025-05-03 14:11:34] Нажата небуквенная клавиша, обработка слова
[2025-05-03 14:11:34] Начало обработки слова
[2025-05-03 14:11:34] Сформировано английское слово: [2025-05-03 14:11:34] Сформировано русское слово: [2025-05-03 14:11:34] Слово не найдено в словаре: [2025-05-03 14:11:34] Слово не найдено в словаре: [2025-05-03 14:11:34] Слово не найдено ни в одном словаре, оставляем без изменений
[2025-05-03 14:11:34] Нажата клавиша с кодом 57
[2025-05-03 14:11:34] Пробел нажат, обработка слова
[2025-05-03 14:11:34] Обработка слова: пустое слово, пропуск
[2025-05-03 14:11:34] Отправка клавиши с кодом 57
[2025-05-03 14:11:35] Нажата клавиша с кодом 28
[2025-05-03 14:11:35] Нажата небуквенная клавиша, обработка слова
[2025-05-03 14:11:35] Обработка слова: пустое слово, пропуск
[2025-05-03 14:11:37] Нажата клавиша с кодом 41
[2025-05-03 14:11:37] Добавлен символ в слово
[2025-05-03 14:11:37] Нажата клавиша с кодом 1
[2025-05-03 14:11:37] ESC нажат, завершение программы
[2025-05-03 14:11:37] Начало очистки ресурсов
[2025-05-03 14:11:37] Освобождение памяти словаря
[2025-05-03 14:11:37] Освобождение памяти словаря
[2025-05-03 14:11:37] Программа завершена
